[debug] [2018-08-24T07:36:36.715Z] ----------------------------------------------------------------------
[debug] [2018-08-24T07:36:36.724Z] Command:       C:\Program Files\nodejs\node.exe C:\Users\sono8\AppData\Roaming\npm\node_modules\firebase-tools\bin\firebase deploy
[debug] [2018-08-24T07:36:36.725Z] CLI Version:   4.1.1
[debug] [2018-08-24T07:36:36.725Z] Platform:      win32
[debug] [2018-08-24T07:36:36.725Z] Node Version:  v8.11.2
[debug] [2018-08-24T07:36:36.728Z] Time:          Fri Aug 24 2018 16:36:36 GMT+0900 (東京 (標準時))
[debug] [2018-08-24T07:36:36.728Z] ----------------------------------------------------------------------
[debug] 
[debug] [2018-08-24T07:36:36.763Z] > command requires scopes: ["email","openid","https://www.googleapis.com/auth/cloudplatformprojects.readonly","https://www.googleapis.com/auth/firebase","https://www.googleapis.com/auth/cloud-platform"]
[debug] [2018-08-24T07:36:36.763Z] > authorizing via signed-in user
[debug] [2018-08-24T07:36:36.769Z] > refreshing access token with scopes: ["email","https://www.googleapis.com/auth/cloud-platform","https://www.googleapis.com/auth/cloudplatformprojects.readonly","https://www.googleapis.com/auth/firebase","openid"]
[debug] [2018-08-24T07:36:36.771Z] >>> HTTP REQUEST POST https://www.googleapis.com/oauth2/v3/token  

[debug] [2018-08-24T07:36:37.651Z] <<< HTTP RESPONSE 200
[debug] [2018-08-24T07:36:37.666Z] >>> HTTP REQUEST GET https://admin.firebase.com/v1/projects/who-are-you1  
 
[debug] [2018-08-24T07:36:39.308Z] <<< HTTP RESPONSE 200
[debug] [2018-08-24T07:36:39.310Z] >>> HTTP REQUEST GET https://admin.firebase.com/v1/database/who-are-you1/tokens  
 
[debug] [2018-08-24T07:36:40.394Z] <<< HTTP RESPONSE 200
[info] 
[info] === Deploying to 'who-are-you1'...
[info] 
[info] i  deploying database, storage, functions, hosting
[debug] [2018-08-24T07:36:43.063Z] TypeError: Path must be a string. Received undefined
    at assertPath (path.js:28:11)
    at Object.join (path.js:489:7)
    at Config.path (C:\Users\sono8\AppData\Roaming\npm\node_modules\firebase-tools\lib\config.js:166:37)
    at C:\Users\sono8\AppData\Roaming\npm\node_modules\firebase-tools\lib\deploy\lifecycleHooks.js:68:38
    at _chain (C:\Users\sono8\AppData\Roaming\npm\node_modules\firebase-tools\lib\deploy\index.js:26:38)
    at C:\Users\sono8\AppData\Roaming\npm\node_modules\firebase-tools\lib\deploy\index.js:29:14
    at <anonymous>
    at process._tickDomainCallback (internal/process/next_tick.js:228:7)
[error] 
[error] Error: An unexpected error has occurred.
